#
# A fatal error has been detected by the Java Runtime Environment:
#
#  EXCEPTION_ACCESS_VIOLATION (0xc0000005) at pc=0x00000000583e51b3, pid=5940, tid=2136
#
# JRE version: Java(TM) SE Runtime Environment (8.0_71-b15) (build 1.8.0_71-b15)
# Java VM: Java HotSpot(TM) 64-Bit Server VM (25.71-b15 mixed mode windows-amd64 compressed oops)
# Problematic frame:
# V  [jvm.dll+0x2151b3]
#
# Failed to write core dump. Minidumps are not enabled by default on client versions of Windows
#
# If you would like to submit a bug report, please visit:
#   http://bugreport.java.com/bugreport/crash.jsp
#

---------------  T H R E A D  ---------------

Current thread (0x00000000597de800):  JavaThread "JDWP Transport Listener: dt_shmem" daemon [_thread_in_vm, id=2136, stack(0x000000005aaa0000,0x000000005aba0000)]

siginfo: ExceptionCode=0xc0000005, reading address 0x0000000000000258

Registers:
RAX=0x0000000000000200, RBX=0x0000000000000200, RCX=0x0000000000000000, RDX=0x000000005d9511f0
RSP=0x000000005ab9f230, RBP=0x0000000000000000, RSI=0x0000000000000006, RDI=0x000000005d9511f0
R8 =0x0000000000000200, R9 =0x00000000597de800, R10=0x0000000000000000, R11=0x0000000000000000
R12=0x0000000000000000, R13=0x00000000597df5c8, R14=0x0000000000000000, R15=0x0000000000000000
RIP=0x00000000583e51b3, EFLAGS=0x0000000000010206

Top of Stack: (sp=0x000000005ab9f230)
0x000000005ab9f230:   00000000597de800 000000005d9511f0
0x000000005ab9f240:   000000005ab9f348 000000005838e857
0x000000005ab9f250:   000000005d7a7800 0000000058372437
0x000000005ab9f260:   000000005d9511f0 000000005ab9f348
0x000000005ab9f270:   0000000000000006 0000000058377d65
0x000000005ab9f280:   000000005d7a7800 0000000058374299
0x000000005ab9f290:   0000000000000005 0000000000000000
0x000000005ab9f2a0:   00000000597d70f0 000000005c03101e
0x000000005ab9f2b0:   000000005ab9f348 00000000584fe5c8
0x000000005ab9f2c0:   00000000597de800 00000000021f98d0
0x000000005ab9f2d0:   0000000057d966f0 000000005830ca60
0x000000005ab9f2e0:   00000000597de800 0000000000000000
0x000000005ab9f2f0:   0000000000000000 0000000000000000
0x000000005ab9f300:   000000005ab9f380 000000005c02d38b
0x000000005ab9f310:   000000005ab9f388 0000000057d966f0
0x000000005ab9f320:   0000000057d966f0 0000000000000000 

Instructions: (pc=0x00000000583e51b3)
0x00000000583e5193:   39 61 00 00 4c 8b 1f 49 f7 c3 fe ff ff ff 74 32
0x00000000583e51a3:   41 f6 c3 01 74 89 eb 2a 48 83 e3 fe 48 89 5f 10
0x00000000583e51b3:   48 8b 43 58 48 89 47 10 48 89 5f 18 e8 0c 61 00
0x00000000583e51c3:   00 4c 8b 1f 41 f6 c3 01 75 08 48 8b cb e8 db 14 


Register to memory mapping:

RAX=0x0000000000000200 is an unknown value
RBX=0x0000000000000200 is an unknown value
RCX=0x0000000000000000 is an unknown value
RDX=0x000000005d9511f0 is an unknown value
RSP=0x000000005ab9f230 is pointing into the stack for thread: 0x00000000597de800
RBP=0x0000000000000000 is an unknown value
RSI=0x0000000000000006 is an unknown value
RDI=0x000000005d9511f0 is an unknown value
R8 =0x0000000000000200 is an unknown value
R9 =0x00000000597de800 is a thread
R10=0x0000000000000000 is an unknown value
R11=0x0000000000000000 is an unknown value
R12=0x0000000000000000 is an unknown value
R13=0x00000000597df5c8 is an unknown value
R14=0x0000000000000000 is an unknown value
R15=0x0000000000000000 is an unknown value


Stack: [0x000000005aaa0000,0x000000005aba0000],  sp=0x000000005ab9f230,  free space=1020k
Native frames: (J=compiled Java code, j=interpreted, Vv=VM code, C=native code)


---------------  P R O C E S S  ---------------

Java Threads: ( => current thread )
  0x000000005ea02800 JavaThread "LWJGL Timer" daemon [_thread_blocked, id=9136, stack(0x000000006de70000,0x000000006df70000)]
  0x000000005e9f0800 JavaThread "OkHttp ConnectionPool" daemon [_thread_blocked, id=9240, stack(0x000000006cd90000,0x000000006ce90000)]
  0x000000005db3c000 JavaThread "pool-1-thread-1" [_thread_blocked, id=9964, stack(0x000000006d730000,0x000000006d830000)]
  0x000000005eb53000 JavaThread "OkHttp http://192.168.1.141:3590/socket.io/?EIO=3&transport=websocket&sid=UQalM34GQuTkys4OAAAJ" [_thread_in_native, id=6756, stack(0x000000006d8b0000,0x000000006d9b0000)]
  0x000000005eba7000 JavaThread "AWT-Windows" daemon [_thread_in_native, id=9536, stack(0x000000005fbf0000,0x000000005fcf0000)]
  0x000000005d7f7800 JavaThread "Java2D Disposer" daemon [_thread_blocked, id=8072, stack(0x000000005d630000,0x000000005d730000)]
  0x000000005c357800 JavaThread "com.google.inject.internal.util.$Finalizer" daemon [_thread_blocked, id=7812, stack(0x000000005baa0000,0x000000005bba0000)]
  0x0000000059894800 JavaThread "Service Thread" daemon [_thread_blocked, id=8260, stack(0x000000005b6e0000,0x000000005b7e0000)]
  0x0000000059820800 JavaThread "C1 CompilerThread3" daemon [_thread_blocked, id=7380, stack(0x000000005b3e0000,0x000000005b4e0000)]
  0x0000000059805000 JavaThread "C2 CompilerThread2" daemon [_thread_in_native, id=7412, stack(0x000000005ae00000,0x000000005af00000)]
  0x0000000059804800 JavaThread "C2 CompilerThread1" daemon [_thread_blocked, id=5936, stack(0x000000005b500000,0x000000005b600000)]
  0x00000000597fb000 JavaThread "C2 CompilerThread0" daemon [_thread_blocked, id=8932, stack(0x00000000580d0000,0x00000000581d0000)]
  0x00000000597ed800 JavaThread "JDWP Command Reader" daemon [_thread_in_native, id=8892, stack(0x000000005b2c0000,0x000000005b3c0000)]
  0x0000000057d9f800 JavaThread "JDWP Event Helper Thread" daemon [_thread_blocked, id=6632, stack(0x000000005b110000,0x000000005b210000)]
=>0x00000000597de800 JavaThread "JDWP Transport Listener: dt_shmem" daemon [_thread_in_vm, id=2136, stack(0x000000005aaa0000,0x000000005aba0000)]
  0x00000000597d6000 JavaThread "Attach Listener" daemon [_thread_blocked, id=2132, stack(0x000000005af40000,0x000000005b040000)]
  0x00000000597d4800 JavaThread "Signal Dispatcher" daemon [_thread_blocked, id=8060, stack(0x000000005ace0000,0x000000005ade0000)]
  0x0000000057d8b800 JavaThread "Finalizer" daemon [_thread_blocked, id=7116, stack(0x000000005abc0000,0x000000005acc0000)]
  0x0000000057d84800 JavaThread "Reference Handler" daemon [_thread_blocked, id=5108, stack(0x000000005a840000,0x000000005a940000)]
  0x00000000021ff800 JavaThread "main" [_thread_in_native, id=9616, stack(0x00000000025c0000,0x00000000026c0000)]

Other Threads:
  0x0000000059781000 VMThread [stack: 0x000000005a950000,0x000000005aa50000] [id=2876]
  0x00000000598b0800 WatcherThread [stack: 0x000000005b980000,0x000000005ba80000] [id=7084]

VM state:not at safepoint (normal execution)

VM Mutex/Monitor currently owned by a thread: None

Heap:
 PSYoungGen      total 68608K, used 34673K [0x00000000d5580000, 0x00000000de080000, 0x0000000100000000)
  eden space 64000K, 47% used [0x00000000d5580000,0x00000000d7328478,0x00000000d9400000)
  from space 4608K, 93% used [0x00000000dd000000,0x00000000dd434010,0x00000000dd480000)
  to   space 12288K, 0% used [0x00000000dd480000,0x00000000dd480000,0x00000000de080000)
 ParOldGen       total 175104K, used 134846K [0x0000000080000000, 0x000000008ab00000, 0x00000000d5580000)
  object space 175104K, 77% used [0x0000000080000000,0x00000000883af988,0x000000008ab00000)
 Metaspace       used 20748K, capacity 21091K, committed 21296K, reserved 1069056K
  class space    used 2271K, capacity 2356K, committed 2432K, reserved 1048576K

Card table byte_map: [0x0000000011d50000,0x0000000012160000] byte_map_base: 0x0000000011950000

Marking Bits: (ParMarkBitMap*) 0x00000000589df600
 Begin Bits: [0x0000000012fa0000, 0x0000000014fa0000)
 End Bits:   [0x0000000014fa0000, 0x0000000016fa0000)

Polling page: 0x0000000000430000

CodeCache: size=245760Kb used=10654Kb max_used=10655Kb free=235105Kb
 bounds [0x0000000002990000, 0x0000000003410000, 0x0000000011990000]
 total_blobs=3319 nmethods=2692 adapters=547
 compilation: enabled

Compilation events (10 events):
Event: 23.228 Thread 0x0000000059820800 nmethod 3080 0x00000000033f4e10 code [0x00000000033f4f60, 0x00000000033f5050]
Event: 23.228 Thread 0x0000000059820800 3081       1       okhttp3.internal.ws.WebSocketReader::access$200 (5 bytes)
Event: 23.228 Thread 0x0000000059820800 nmethod 3081 0x0000000003402550 code [0x00000000034026a0, 0x0000000003402790]
Event: 23.229 Thread 0x0000000059820800 3082       3       fingerprint.rendering.util.GamePlayRenderingInformation::getCameraRotation (5 bytes)
Event: 23.229 Thread 0x0000000059820800 nmethod 3082 0x0000000003402210 code [0x0000000003402360, 0x00000000034024b0]
Event: 23.229 Thread 0x0000000059820800 3083       3       com.google.inject.internal.Errors::size (27 bytes)
Event: 23.229 Thread 0x0000000059820800 nmethod 3083 0x0000000003401d50 code [0x0000000003401ec0, 0x0000000003402148]
Event: 23.229 Thread 0x0000000059820800 3084       3       java.util.AbstractQueue::add (20 bytes)
Event: 23.229 Thread 0x0000000059820800 nmethod 3084 0x0000000003401790 code [0x0000000003401920, 0x0000000003401c38]
Event: 23.242 Thread 0x0000000059805000 3085       4       com.sun.org.apache.xerces.internal.impl.XMLEntityScanner::scanName (382 bytes)

GC Heap History (10 events):
Event: 3.712 GC heap before
{Heap before GC invocations=1 (full 0):
 PSYoungGen      total 76288K, used 65536K [0x00000000d5580000, 0x00000000daa80000, 0x0000000100000000)
  eden space 65536K, 100% used [0x00000000d5580000,0x00000000d9580000,0x00000000d9580000)
  from space 10752K, 0% used [0x00000000da000000,0x00000000da000000,0x00000000daa80000)
  to   space 10752K, 0% used [0x00000000d9580000,0x00000000d9580000,0x00000000da000000)
 ParOldGen       total 175104K, used 131383K [0x0000000080000000, 0x000000008ab00000, 0x00000000d5580000)
  object space 175104K, 75% used [0x0000000080000000,0x000000008804def0,0x000000008ab00000)
 Metaspace       used 12208K, capacity 12357K, committed 12544K, reserved 1060864K
  class space    used 1398K, capacity 1462K, committed 1536K, reserved 1048576K
Event: 3.719 GC heap after
Heap after GC invocations=1 (full 0):
 PSYoungGen      total 76288K, used 6688K [0x00000000d5580000, 0x00000000daa80000, 0x0000000100000000)
  eden space 65536K, 0% used [0x00000000d5580000,0x00000000d5580000,0x00000000d9580000)
  from space 10752K, 62% used [0x00000000d9580000,0x00000000d9c08210,0x00000000da000000)
  to   space 10752K, 0% used [0x00000000da000000,0x00000000da000000,0x00000000daa80000)
 ParOldGen       total 175104K, used 131399K [0x0000000080000000, 0x000000008ab00000, 0x00000000d5580000)
  object space 175104K, 75% used [0x0000000080000000,0x0000000088051ef0,0x000000008ab00000)
 Metaspace       used 12208K, capacity 12357K, committed 12544K, reserved 1060864K
  class space    used 1398K, capacity 1462K, committed 1536K, reserved 1048576K
}
Event: 4.184 GC heap before
{Heap before GC invocations=2 (full 0):
 PSYoungGen      total 76288K, used 72224K [0x00000000d5580000, 0x00000000daa80000, 0x0000000100000000)
  eden space 65536K, 100% used [0x00000000d5580000,0x00000000d9580000,0x00000000d9580000)
  from space 10752K, 62% used [0x00000000d9580000,0x00000000d9c08210,0x00000000da000000)
  to   space 10752K, 0% used [0x00000000da000000,0x00000000da000000,0x00000000daa80000)
 ParOldGen       total 175104K, used 131399K [0x0000000080000000, 0x000000008ab00000, 0x00000000d5580000)
  object space 175104K, 75% used [0x0000000080000000,0x0000000088051ef0,0x000000008ab00000)
 Metaspace       used 16071K, capacity 16269K, committed 16640K, reserved 1064960K
  class space    used 1831K, capacity 1934K, committed 2048K, reserved 1048576K
Event: 4.195 GC heap after
Heap after GC invocations=2 (full 0):
 PSYoungGen      total 76288K, used 10736K [0x00000000d5580000, 0x00000000dea80000, 0x0000000100000000)
  eden space 65536K, 0% used [0x00000000d5580000,0x00000000d5580000,0x00000000d9580000)
  from space 10752K, 99% used [0x00000000da000000,0x00000000daa7c090,0x00000000daa80000)
  to   space 10752K, 0% used [0x00000000d9580000,0x00000000d9580000,0x00000000da000000)
 ParOldGen       total 175104K, used 134758K [0x0000000080000000, 0x000000008ab00000, 0x00000000d5580000)
  object space 175104K, 76% used [0x0000000080000000,0x0000000088399978,0x000000008ab00000)
 Metaspace       used 16071K, capacity 16269K, committed 16640K, reserved 1064960K
  class space    used 1831K, capacity 1934K, committed 2048K, reserved 1048576K
}
Event: 4.437 GC heap before
{Heap before GC invocations=3 (full 0):
 PSYoungGen      total 76288K, used 76272K [0x00000000d5580000, 0x00000000dea80000, 0x0000000100000000)
  eden space 65536K, 100% used [0x00000000d5580000,0x00000000d9580000,0x00000000d9580000)
  from space 10752K, 99% used [0x00000000da000000,0x00000000daa7c090,0x00000000daa80000)
  to   space 10752K, 0% used [0x00000000d9580000,0x00000000d9580000,0x00000000da000000)
 ParOldGen       total 175104K, used 134758K [0x0000000080000000, 0x000000008ab00000, 0x00000000d5580000)
  object space 175104K, 76% used [0x0000000080000000,0x0000000088399978,0x000000008ab00000)
 Metaspace       used 18068K, capacity 18309K, committed 18560K, reserved 1064960K
  class space    used 2051K, capacity 2139K, committed 2176K, reserved 1048576K
Event: 4.441 GC heap after
Heap after GC invocations=3 (full 0):
 PSYoungGen      total 76288K, used 8259K [0x00000000d5580000, 0x00000000dea80000, 0x0000000100000000)
  eden space 65536K, 0% used [0x00000000d5580000,0x00000000d5580000,0x00000000d9580000)
  from space 10752K, 76% used [0x00000000d9580000,0x00000000d9d90f78,0x00000000da000000)
  to   space 10752K, 0% used [0x00000000de000000,0x00000000de000000,0x00000000dea80000)
 ParOldGen       total 175104K, used 134766K [0x0000000080000000, 0x000000008ab00000, 0x00000000d5580000)
  object space 175104K, 76% used [0x0000000080000000,0x000000008839b978,0x000000008ab00000)
 Metaspace       used 18068K, capacity 18309K, committed 18560K, reserved 1064960K
  class space    used 2051K, capacity 2139K, committed 2176K, reserved 1048576K
}
Event: 21.964 GC heap before
{Heap before GC invocations=4 (full 0):
 PSYoungGen      total 76288K, used 73795K [0x00000000d5580000, 0x00000000dea80000, 0x0000000100000000)
  eden space 65536K, 100% used [0x00000000d5580000,0x00000000d9580000,0x00000000d9580000)
  from space 10752K, 76% used [0x00000000d9580000,0x00000000d9d90f78,0x00000000da000000)
  to   space 10752K, 0% used [0x00000000de000000,0x00000000de000000,0x00000000dea80000)
 ParOldGen       total 175104K, used 134766K [0x0000000080000000, 0x000000008ab00000, 0x00000000d5580000)
  object space 175104K, 76% used [0x0000000080000000,0x000000008839b978,0x000000008ab00000)
 Metaspace       used 20425K, capacity 20759K, committed 21120K, reserved 1069056K
  class space    used 2267K, capacity 2354K, committed 2432K, reserved 1048576K
Event: 21.970 GC heap after
Heap after GC invocations=4 (full 0):
 PSYoungGen      total 70656K, used 4624K [0x00000000d5580000, 0x00000000de500000, 0x0000000100000000)
  eden space 65536K, 0% used [0x00000000d5580000,0x00000000d5580000,0x00000000d9580000)
  from space 5120K, 90% used [0x00000000de000000,0x00000000de484030,0x00000000de500000)
  to   space 10752K, 0% used [0x00000000dd000000,0x00000000dd000000,0x00000000dda80000)
 ParOldGen       total 175104K, used 134838K [0x0000000080000000, 0x000000008ab00000, 0x00000000d5580000)
  object space 175104K, 77% used [0x0000000080000000,0x00000000883ad988,0x000000008ab00000)
 Metaspace       used 20425K, capacity 20759K, committed 21120K, reserved 1069056K
  class space    used 2267K, capacity 2354K, committed 2432K, reserved 1048576K
}
Event: 22.960 GC heap before
{Heap before GC invocations=5 (full 0):
 PSYoungGen      total 70656K, used 70160K [0x00000000d5580000, 0x00000000de500000, 0x0000000100000000)
  eden space 65536K, 100% used [0x00000000d5580000,0x00000000d9580000,0x00000000d9580000)
  from space 5120K, 90% used [0x00000000de000000,0x00000000de484030,0x00000000de500000)
  to   space 10752K, 0% used [0x00000000dd000000,0x00000000dd000000,0x00000000dda80000)
 ParOldGen       total 175104K, used 134838K [0x0000000080000000, 0x000000008ab00000, 0x00000000d5580000)
  object space 175104K, 77% used [0x0000000080000000,0x00000000883ad988,0x000000008ab00000)
 Metaspace       used 20704K, capacity 21091K, committed 21296K, reserved 1069056K
  class space    used 2271K, capacity 2356K, committed 2432K, reserved 1048576K
Event: 22.966 GC heap after
Heap after GC invocations=5 (full 0):
 PSYoungGen      total 68608K, used 4304K [0x00000000d5580000, 0x00000000de080000, 0x0000000100000000)
  eden space 64000K, 0% used [0x00000000d5580000,0x00000000d5580000,0x00000000d9400000)
  from space 4608K, 93% used [0x00000000dd000000,0x00000000dd434010,0x00000000dd480000)
  to   space 12288K, 0% used [0x00000000dd480000,0x00000000dd480000,0x00000000de080000)
 ParOldGen       total 175104K, used 134846K [0x0000000080000000, 0x000000008ab00000, 0x00000000d5580000)
  object space 175104K, 77% used [0x0000000080000000,0x00000000883af988,0x000000008ab00000)
 Metaspace       used 20704K, capacity 21091K, committed 21296K, reserved 1069056K
  class space    used 2271K, capacity 2356K, committed 2432K, reserved 1048576K
}

Deoptimization events (10 events):
Event: 22.050 Thread 0x00000000021ff800 Uncommon trap: reason=unstable_if action=reinterpret pc=0x0000000002f038f4 method=java.lang.CharacterDataLatin1.digit(II)I @ 60
Event: 22.050 Thread 0x00000000021ff800 Uncommon trap: reason=unstable_if action=reinterpret pc=0x0000000002ef9f18 method=java.lang.CharacterDataLatin1.digit(II)I @ 60
Event: 22.050 Thread 0x00000000021ff800 Uncommon trap: reason=unstable_if action=reinterpret pc=0x0000000002efc6e4 method=java.lang.CharacterDataLatin1.digit(II)I @ 60
Event: 22.050 Thread 0x00000000021ff800 Uncommon trap: reason=unstable_if action=reinterpret pc=0x00000000031565a4 method=org.json.JSONObject.stringToValue(Ljava/lang/String;)Ljava/lang/Object; @ 30
Event: 22.051 Thread 0x000000005d7a7800 Uncommon trap: reason=class_check action=maybe_recompile pc=0x0000000002c03194 method=org.json.JSONObject.valueToString(Ljava/lang/Object;)Ljava/lang/String; @ 92
Event: 22.051 Thread 0x000000005d7a7800 Uncommon trap: reason=class_check action=maybe_recompile pc=0x0000000002c03194 method=org.json.JSONObject.valueToString(Ljava/lang/Object;)Ljava/lang/String; @ 92
Event: 22.051 Thread 0x000000005d7a7800 Uncommon trap: reason=class_check action=maybe_recompile pc=0x0000000002c03194 method=org.json.JSONObject.valueToString(Ljava/lang/Object;)Ljava/lang/String; @ 92
Event: 22.051 Thread 0x000000005d7a7800 Uncommon trap: reason=class_check action=maybe_recompile pc=0x0000000002c03194 method=org.json.JSONObject.valueToString(Ljava/lang/Object;)Ljava/lang/String; @ 92
Event: 22.511 Thread 0x00000000021ff800 Uncommon trap: reason=unstable_if action=reinterpret pc=0x0000000002aa0cc0 method=java.lang.Integer.getChars(II[C)V @ 7
Event: 22.559 Thread 0x00000000021ff800 Uncommon trap: reason=unstable_if action=reinterpret pc=0x00000000033242ac method=java.math.BigInteger.pow(I)Ljava/math/BigInteger; @ 228

Internal exceptions (10 events):
Event: 3.675 Thread 0x00000000021ff800 Exception <a 'java/io/FileNotFoundException'> (0x00000000d945cc48) thrown at [C:\re\workspace\8-2-build-windows-amd64-cygwin\jdk8u71\5731\hotspot\src\share\vm\prims\jni.cpp, line 709]
Event: 3.702 Thread 0x00000000021ff800 Exception <a 'java/lang/NoSuchFieldError': method resolution failed> (0x00000000d9529570) thrown at [C:\re\workspace\8-2-build-windows-amd64-cygwin\jdk8u71\5731\hotspot\src\share\vm\prims\methodHandles.cpp, line 1146]
Event: 3.704 Thread 0x00000000021ff800 Exception <a 'java/lang/NoSuchFieldError': method resolution failed> (0x00000000d9536860) thrown at [C:\re\workspace\8-2-build-windows-amd64-cygwin\jdk8u71\5731\hotspot\src\share\vm\prims\methodHandles.cpp, line 1146]
Event: 3.748 Thread 0x00000000021ff800 Exception <a 'java/io/FileNotFoundException'> (0x00000000d5785800) thrown at [C:\re\workspace\8-2-build-windows-amd64-cygwin\jdk8u71\5731\hotspot\src\share\vm\prims\jni.cpp, line 709]
Event: 4.121 Thread 0x000000005d81c800 Implicit null exception at 0x0000000002ba7004 to 0x0000000002ba729d
Event: 4.121 Thread 0x000000005d81c800 Implicit null exception at 0x0000000002da828b to 0x0000000002da895d
Event: 4.471 Thread 0x00000000021ff800 Implicit null exception at 0x0000000002ba2e87 to 0x0000000002ba3351
Event: 12.963 Thread 0x000000005d7a7800 Exception <a 'java/lang/ArrayIndexOutOfBoundsException': 139> (0x00000000d69ee018) thrown at [C:\re\workspace\8-2-build-windows-amd64-cygwin\jdk8u71\5731\hotspot\src\share\vm\interpreter\interpreterRuntime.cpp, line 366]
Event: 13.179 Thread 0x000000005d7a7800 Exception <a 'java/lang/ArrayIndexOutOfBoundsException': 67> (0x00000000d6ae7578) thrown at [C:\re\workspace\8-2-build-windows-amd64-cygwin\jdk8u71\5731\hotspot\src\share\vm\interpreter\interpreterRuntime.cpp, line 366]
Event: 13.179 Thread 0x000000005d7a7800 Exception <a 'java/lang/ArrayIndexOutOfBoundsException': 65> (0x00000000d6ae8948) thrown at [C:\re\workspace\8-2-build-windows-amd64-cygwin\jdk8u71\5731\hotspot\src\share\vm\interpreter\interpreterRuntime.cpp, line 366]

Events (10 events):
Event: 23.228 Thread 0x000000005d7a7800 DEOPT UNPACKING pc=0x00000000029d787f sp=0x000000006a83ddb0 mode 1
Event: 23.228 Thread 0x000000005d7a7800 DEOPT PACKING pc=0x0000000003104eec sp=0x000000006a83e110
Event: 23.228 Thread 0x000000005d7a7800 DEOPT UNPACKING pc=0x00000000029d787f sp=0x000000006a83de58 mode 1
Event: 23.229 Thread 0x000000005d7a7800 Thread exited: 0x000000005d7a7800
Event: 23.242 Thread 0x00000000021ff800 DEOPT PACKING pc=0x0000000002d1ab60 sp=0x00000000026be730
Event: 23.242 Thread 0x00000000021ff800 DEOPT UNPACKING pc=0x00000000029d787f sp=0x00000000026be448 mode 1
Event: 23.242 Thread 0x00000000021ff800 DEOPT PACKING pc=0x00000000032e5a00 sp=0x00000000026be790
Event: 23.242 Thread 0x00000000021ff800 DEOPT UNPACKING pc=0x00000000029d787f sp=0x00000000026be4b0 mode 1
Event: 23.243 Thread 0x000000005d7a7800 Thread added: 0x000000005d7a7800
Event: 23.243 Thread 0x000000005d7a7800 Thread exited: 0x000000005d7a7800


Dynamic libraries:
0x000000013fa40000 - 0x000000013fa77000 	C:\Program Files\Java\jdk1.8.0_71\bin\java.exe
0x00000000777e0000 - 0x000000007798a000 	C:\Windows\SYSTEM32\ntdll.dll
0x00000000776c0000 - 0x00000000777df000 	C:\Windows\system32\kernel32.dll
0x000007fefd4f0000 - 0x000007fefd55a000 	C:\Windows\system32\KERNELBASE.dll
0x000007fefe3d0000 - 0x000007fefe4ab000 	C:\Windows\system32\ADVAPI32.dll
0x000007fefe070000 - 0x000007fefe10f000 	C:\Windows\system32\msvcrt.dll
0x000007fefe050000 - 0x000007fefe06f000 	C:\Windows\SYSTEM32\sechost.dll
0x000007feff890000 - 0x000007feff9bd000 	C:\Windows\system32\RPCRT4.dll
0x00000000775c0000 - 0x00000000776ba000 	C:\Windows\system32\USER32.dll
0x000007feffa80000 - 0x000007feffae7000 	C:\Windows\system32\GDI32.dll
0x000007feffa60000 - 0x000007feffa6e000 	C:\Windows\system32\LPK.dll
0x000007fefdb90000 - 0x000007fefdc5b000 	C:\Windows\system32\USP10.dll
0x000007fefbff0000 - 0x000007fefc1e4000 	C:\Windows\WinSxS\amd64_microsoft.windows.common-controls_6595b64144ccf1df_6.0.7601.18837_none_fa3b1e3d17594757\COMCTL32.dll
0x000007fefdfd0000 - 0x000007fefe041000 	C:\Windows\system32\SHLWAPI.dll
0x000007fefdb60000 - 0x000007fefdb8e000 	C:\Windows\system32\IMM32.DLL
0x000007fefe2c0000 - 0x000007fefe3c9000 	C:\Windows\system32\MSCTF.dll
0x000000005a1b0000 - 0x000000005a282000 	C:\Program Files\Java\jdk1.8.0_71\jre\bin\msvcr100.dll
0x00000000581d0000 - 0x0000000058a5f000 	C:\Program Files\Java\jdk1.8.0_71\jre\bin\server\jvm.dll
0x000007fef7460000 - 0x000007fef7469000 	C:\Windows\system32\WSOCK32.dll
0x000007fefd890000 - 0x000007fefd8dd000 	C:\Windows\system32\WS2_32.dll
0x000007feffa70000 - 0x000007feffa78000 	C:\Windows\system32\NSI.dll
0x000007fefae40000 - 0x000007fefae7b000 	C:\Windows\system32\WINMM.dll
0x000007fefc4f0000 - 0x000007fefc4fc000 	C:\Windows\system32\VERSION.dll
0x00000000779b0000 - 0x00000000779b7000 	C:\Windows\system32\PSAPI.DLL
0x0000000074b80000 - 0x0000000074b8f000 	C:\Program Files\Java\jdk1.8.0_71\jre\bin\verify.dll
0x000000006fb10000 - 0x000000006fb39000 	C:\Program Files\Java\jdk1.8.0_71\jre\bin\java.dll
0x000000005c010000 - 0x000000005c045000 	C:\Program Files\Java\jdk1.8.0_71\jre\bin\jdwp.dll
0x000000005cee0000 - 0x000000005cee8000 	C:\Program Files\Java\jdk1.8.0_71\jre\bin\npt.dll
0x000000005cf10000 - 0x000000005cf26000 	C:\Program Files\Java\jdk1.8.0_71\jre\bin\zip.dll
0x000007fefe7e0000 - 0x000007feff56a000 	C:\Windows\system32\SHELL32.dll
0x000007fefd8e0000 - 0x000007fefdadc000 	C:\Windows\system32\ole32.dll
0x000007fefd4d0000 - 0x000007fefd4df000 	C:\Windows\system32\profapi.dll
0x0000000074c90000 - 0x0000000074c9b000 	C:\Program Files\Java\jdk1.8.0_71\jre\bin\dt_shmem.dll
0x0000000180000000 - 0x0000000180051000 	C:\Users\arska\workspace\ProjectFingerprint\dependencies\lwjgl64.dll
0x000007fedf030000 - 0x000007fedf14d000 	C:\Windows\system32\OPENGL32.dll
0x000007feeab90000 - 0x000007feeabbd000 	C:\Windows\system32\GLU32.dll
0x000007fedf970000 - 0x000007fedfa61000 	C:\Windows\system32\DDRAW.dll
0x000007fef9b70000 - 0x000007fef9b78000 	C:\Windows\system32\DCIMAN32.dll
0x000007feff6b0000 - 0x000007feff887000 	C:\Windows\system32\SETUPAPI.dll
0x000007fefd680000 - 0x000007fefd6b6000 	C:\Windows\system32\CFGMGR32.dll
0x000007feff5d0000 - 0x000007feff6aa000 	C:\Windows\system32\OLEAUT32.dll
0x000007fefd580000 - 0x000007fefd59a000 	C:\Windows\system32\DEVOBJ.dll
0x000007fefc500000 - 0x000007fefc518000 	C:\Windows\system32\dwmapi.dll
0x000000005cef0000 - 0x000000005cf0a000 	C:\Program Files\Java\jdk1.8.0_71\jre\bin\net.dll
0x000007fefcca0000 - 0x000007fefccf5000 	C:\Windows\system32\mswsock.dll
0x000007fefcc90000 - 0x000007fefcc97000 	C:\Windows\System32\wship6.dll
0x0000000002130000 - 0x0000000002141000 	C:\Program Files\Java\jdk1.8.0_71\jre\bin\nio.dll
0x00000000024f0000 - 0x0000000002554000 	C:\Users\arska\workspace\ProjectFingerprint\dependencies\OpenAL64.dll
0x000007fefd370000 - 0x000007fefd37f000 	C:\Windows\system32\CRYPTBASE.dll
0x000007fefbe10000 - 0x000007fefbe66000 	C:\Windows\system32\uxtheme.dll
0x000007fefdc60000 - 0x000007fefdcf9000 	C:\Windows\system32\CLBCatQ.DLL
0x000007fefbe70000 - 0x000007fefbf9c000 	C:\Windows\System32\PROPSYS.dll
0x000007fefd5a0000 - 0x000007fefd5db000 	C:\Windows\system32\WINTRUST.dll
0x000007fefd6d0000 - 0x000007fefd83d000 	C:\Windows\system32\CRYPT32.dll
0x000007fefd4e0000 - 0x000007fefd4ef000 	C:\Windows\system32\MSASN1.dll
0x000007fedffe0000 - 0x000007fee0068000 	C:\Windows\system32\dsound.dll
0x000007fefc520000 - 0x000007fefc54c000 	C:\Windows\system32\POWRPROF.dll
0x000007fefba00000 - 0x000007fefba4b000 	C:\Windows\System32\MMDevApi.dll
0x000007fefad30000 - 0x000007fefad7f000 	C:\Windows\system32\AUDIOSES.DLL
0x000007feef670000 - 0x000007feef699000 	C:\Windows\system32\atig6pxx.dll
0x000007fefc4e0000 - 0x000007fefc4e3000 	C:\Windows\system32\api-ms-win-core-synch-l1-2-0.DLL
0x00000000638c0000 - 0x0000000065b8a000 	C:\Windows\system32\atio6axx.dll
0x000007feea6e0000 - 0x000007feea701000 	C:\Windows\system32\dxva2.dll
0x000007fee85d0000 - 0x000007fee860d000 	C:\Windows\system32\atig6txx.dll
0x000007fee8a50000 - 0x000007fee8bd0000 	C:\Windows\system32\atiadlxx.dll
0x000007fefd850000 - 0x000007fefd86e000 	C:\Windows\system32\USERENV.dll
0x000007fefc6d0000 - 0x000007fefc6e1000 	C:\Windows\system32\WTSAPI32.dll
0x000007fee4af0000 - 0x000007fee4b8c000 	C:\Windows\system32\mscms.dll
0x000007fedfc10000 - 0x000007fedfc52000 	C:\Windows\system32\icm32.dll
0x000000006a4c0000 - 0x000000006a658000 	C:\Program Files\Java\jdk1.8.0_71\jre\bin\awt.dll
0x0000000012410000 - 0x0000000012457000 	C:\Program Files\Java\jdk1.8.0_71\jre\bin\fontmanager.dll
0x000007fef8ee0000 - 0x000007fef90df000 	C:\Windows\system32\d3d9.dll
0x000007fef8ed0000 - 0x000007fef8ed7000 	C:\Windows\system32\d3d8thk.dll
0x000007fef7eb0000 - 0x000007fef8088000 	C:\Windows\system32\aticfx64.dll
0x000007feeeb60000 - 0x000007feeeb92000 	C:\Windows\system32\atiu9p64.dll
0x000007fed8380000 - 0x000007fed8eb6000 	C:\Windows\system32\atiumd64.dll
0x0000000060060000 - 0x0000000060cf3000 	C:\Windows\system32\atiumd6a.dll
0x0000000012e30000 - 0x0000000012e72000 	C:\Program Files\Java\jdk1.8.0_71\jre\bin\t2k.dll
0x00000000127f0000 - 0x0000000012814000 	C:\Program Files\Java\jdk1.8.0_71\jre\bin\sunec.dll
0x000007fefcd00000 - 0x000007fefcd18000 	C:\Windows\system32\CRYPTSP.dll
0x000007fefca00000 - 0x000007fefca47000 	C:\Windows\system32\rsaenh.dll
0x000007fefa840000 - 0x000007fefa867000 	C:\Windows\system32\IPHLPAPI.DLL
0x000007fefa830000 - 0x000007fefa83b000 	C:\Windows\system32\WINNSI.DLL
0x000007fefa640000 - 0x000007fefa658000 	C:\Windows\system32\dhcpcsvc.DLL
0x000007fefa620000 - 0x000007fefa631000 	C:\Windows\system32\dhcpcsvc6.DLL
0x000007fee4e20000 - 0x000007fee4f45000 	C:\Windows\system32\dbghelp.dll

VM Arguments:
jvm_args: -Xdebug -Xrunjdwp:transport=dt_shmem,address=javadebug -Dfile.encoding=UTF-8 -Djava.library.path=dependencies -Xmx2048m -Djava.util.logging.config.file=logging.config 
java_command: fingerprint.core.GameLauncher
java_class_path (initial): C:\Users\arska\workspace\ProjectFingerprint\dependencies\aopalliance.jar;C:\Users\arska\workspace\ProjectFingerprint\dependencies\gson-2.2.4.jar;C:\Users\arska\workspace\ProjectFingerprint\dependencies\guava-15.0.jar;C:\Users\arska\workspace\ProjectFingerprint\dependencies\guice-3.0.jar;C:\Users\arska\workspace\ProjectFingerprint\dependencies\javax.inject.jar;C:\Users\arska\workspace\ProjectFingerprint\dependencies\slick.jar;C:\Users\arska\workspace\ProjectFingerprint\dependencies\lwjgl.jar;C:\Users\arska\workspace\ProjectFingerprint\dependencies\commons-codec-1.10.jar;C:\Users\arska\workspace\ProjectFingerprint\dependencies\socket.io-client-0.7.0.jar;C:\Users\arska\workspace\ProjectFingerprint\dependencies\engine.io-client-0.7.0.jar;C:\Users\arska\workspace\ProjectFingerprint\dependencies\socket.io-client-0.7.0-sources.jar;C:\Users\arska\workspace\ProjectFingerprint\dependencies\json-20090211.jar;C:\Users\arska\workspace\ProjectFingerprint\dependencies\okhttp-ws-3.0.1.jar;C:\Users\arska\workspace\ProjectFingerprint\dependencies\okhttp-3.0.1.jar;C:\Users\arska\workspace\ProjectFingerprint\dependencies\okio-1.6.0.jar;C:\Users\arska\workspace\ProjectFingerprint\dependencies\jogg-0.0.7.jar;C:\Users\arska\workspace\ProjectFingerprint\dependencies\jorbis-0.0.15.jar;C:\Users\arska\workspace\ProjectFingerprint\build\classes
Launcher Type: SUN_STANDARD

Environment Variables:
PATH=C:\ProgramData\Oracle\Java\javapath;C:\Program Files\Common Files\Microsoft Shared\Windows Live;C:\Program Files (x86)\Common Files\Microsoft Shared\Windows Live;D:\python\;D:\python\Scripts;C:\Windows\system32;C:\Windows;C:\Windows\System32\Wbem;C:\Windows\System32\WindowsPowerShell\v1.0\;C:\Program Files\Microsoft SQL Server\110\Tools\Binn\;C:\Program Files (x86)\NVIDIA Corporation\PhysX\Common;C:\Program Files (x86)\Windows Live\Shared;C:\Program Files (x86)\GtkSharp\2.12\bin;C:\Program Files\Git\cmd;C:\Users\arska\AppData\Local\atom\bin
USERNAME=arska
OS=Windows_NT
PROCESSOR_IDENTIFIER=Intel64 Family 6 Model 45 Stepping 7, GenuineIntel



---------------  S Y S T E M  ---------------

OS: Windows 7 , 64 bit Build 7601 (6.1.7601.23915)

CPU:total 8 (4 cores per cpu, 2 threads per core) family 6 model 45 stepping 7, cmov, cx8, fxsr, mmx, sse, sse2, sse3, ssse3, sse4.1, sse4.2, popcnt, avx, aes, clmul, ht, tsc, tscinvbit, tscinv

Memory: 4k page, physical 16719508k(6389080k free), swap 33437156k(22745480k free)

vm_info: Java HotSpot(TM) 64-Bit Server VM (25.71-b15) for windows-amd64 JRE (1.8.0_71-b15), built on Dec 22 2015 18:15:55 by "java_re" with MS VC++ 10.0 (VS2010)

time: Fri Dec 01 21:48:12 2017
elapsed time: 23 seconds (0d 0h 0m 23s)

